<?xml version="1.0" encoding="UTF-8"?>
<testsuite name="com.wordz.domain.WordTest" tests="1" skipped="0" failures="0" errors="0" timestamp="2024-05-06T03:16:37" hostname="asus" time="0.045">
  <properties/>
  <testcase name="oneIncorrectLetter()" classname="com.wordz.domain.WordTest" time="0.045"/>
  <system-out><![CDATA[]]></system-out>
  <system-err><![CDATA[]]></system-err>
</testsuite>
