<?xml version="1.0" encoding="UTF-8"?>
<testsuite name="test.collective.SimpleAgedCacheTest" tests="1" skipped="0" failures="0" errors="0" timestamp="2024-04-10T14:37:20" hostname="asus" time="0.013">
  <properties/>
  <testcase name="size()" classname="test.collective.SimpleAgedCacheTest" time="0.013"/>
  <system-out><![CDATA[]]></system-out>
  <system-err><![CDATA[]]></system-err>
</testsuite>
