<?xml version="1.0" encoding="UTF-8"?>
<testsuite name="org.example.MoneyOneParamAnnotation" tests="3" skipped="0" failures="0" errors="0" timestamp="2024-04-10T04:54:12" hostname="asus" time="0.065">
  <properties/>
  <testcase name="[1] 1" classname="org.example.MoneyOneParamAnnotation" time="0.058"/>
  <testcase name="[2] 23" classname="org.example.MoneyOneParamAnnotation" time="0.001"/>
  <testcase name="[3] 34" classname="org.example.MoneyOneParamAnnotation" time="0.001"/>
  <system-out><![CDATA[]]></system-out>
  <system-err><![CDATA[]]></system-err>
</testsuite>
